[10.03.2019 17:21:46] [00005] source e:\00_mp3\recordings\
[06.03.2019 16:59:01] [00005] rename "Camouflage - Love Is A Shield.mp3" ==> "Track 10002.mp3"
[06.03.2019 16:59:02] [00005] rename "Elton John - Little Jeannie.mp3" ==> "Track 10003.mp3"
[06.03.2019 16:59:03] [00005] rename "Zz Top - Rough Boy.mp3" ==> "Track 10005.mp3"
[06.03.2019 16:59:04] [00005] rename "Westlife - Uptown Girl.mp3" ==> "Track 10006.mp3"
[06.03.2019 16:59:05] [00005] rename "The Human League - Human.mp3" ==> "Track 10007.mp3"
[06.03.2019 16:59:06] [00005] rename "France Gall - Ella, Elle L'a.mp3" ==> "Track 10008.mp3"
[06.03.2019 16:59:07] [00005] rename "Aretha Franklin - Freeway Of Love.mp3" ==> "Track 10010.mp3"
[06.03.2019 16:59:08] [00005] rename "Rod Stewart - Some Girl Have All The Luck.mp3" ==> "Track 10012.mp3"
[06.03.2019 16:59:09] [00005] rename "The Beautiful South - Song For Whoever.mp3" ==> "Track 10013.mp3"
[06.03.2019 16:59:10] [00005] rename "Joy - Touch By Touch.mp3" ==> "Track 10015.mp3"
[06.03.2019 16:59:11] [00005] rename "Depeche Mode - Precious.mp3" ==> "Track 10016.mp3"
[06.03.2019 16:59:12] [00005] rename "Bryan Adams - Heaven.mp3" ==> "Track 10017.mp3"
[06.03.2019 16:59:13] [00005] rename "Huey Lewis & The News - If This Is It.mp3" ==> "Track 10019.mp3"
[06.03.2019 16:59:14] [00005] rename "Agneta - The Heat Is On.mp3" ==> "Track 10020.mp3"
[06.03.2019 16:59:15] [00005] rename "David Christie - Saddle Up.mp3" ==> "Track 10021.mp3"
[06.03.2019 16:59:16] [00005] rename "Alison Moyet - For You Only.mp3" ==> "Track 10023.mp3"
[06.03.2019 16:59:17] [00005] rename "The Bellamy Brothers - I Need More Of You.mp3" ==> "Track 10024.mp3"
[06.03.2019 16:59:18] [00005] rename "Michael Jackson - I Just Can't Stop Loving You.mp3" ==> "Track 10025.mp3"
[06.03.2019 16:59:19] [00005] rename "Mike + The Mechanics - Silent Running.mp3" ==> "Track 10027.mp3"
[06.03.2019 16:59:20] [00005] rename "Reo Speedwagon - Keep On Loving You.mp3" ==> "Track 10028.mp3"
[10.03.2019 17:27:40] [00006] source e:\00_mp3\recordings\
[06.03.2019 15:59:01] [00006] rename "Track 10002.mp3" ==> "camouflage - love is a shield.mp3"
[06.03.2019 15:59:02] [00006] rename "Track 10003.mp3" ==> "elton john - little jeannie.mp3"
[06.03.2019 15:59:03] [00006] rename "Track 10004.mp3" ==> "zz top - rough boy.mp3"
[06.03.2019 15:59:04] [00006] rename "Track 10005.mp3" ==> "westlife - uptown girl.mp3"
[06.03.2019 15:59:05] [00006] rename "Track 10006.mp3" ==> "the human league - human.mp3"
[06.03.2019 15:59:06] [00006] rename "Track 10007.mp3" ==> "france gall - ella, elle l'a.mp3"
[06.03.2019 15:59:07] [00006] rename "Track 10008.mp3" ==> "aretha franklin - freeway of love.mp3"
[06.03.2019 15:59:08] [00006] rename "Track 10010.mp3" ==> "rod stewart - some girl have all the luck.mp3"
[06.03.2019 15:59:09] [00006] rename "Track 10012.mp3" ==> "the beautiful south - song for whoever.mp3"
[06.03.2019 15:59:10] [00006] rename "Track 10013.mp3" ==> "joy - touch by touch.mp3"
[06.03.2019 15:59:11] [00006] rename "Track 10015.mp3" ==> "depeche mode - precious.mp3"
[06.03.2019 15:59:12] [00006] rename "Track 10016.mp3" ==> "bryan adams - heaven.mp3"
[06.03.2019 15:59:13] [00006] rename "Track 10017.mp3" ==> "huey lewis & the news - if this is it.mp3"
[06.03.2019 15:59:14] [00006] rename "Track 10019.mp3" ==> "agneta - the heat is on.mp3"
[06.03.2019 15:59:15] [00006] rename "Track 10020.mp3" ==> "david christie - saddle up.mp3"
[06.03.2019 15:59:16] [00006] rename "Track 10021.mp3" ==> "alison moyet - for you only.mp3"
[06.03.2019 15:59:17] [00006] rename "Track 10023.mp3" ==> "the bellamy brothers - i need more of you.mp3"
[06.03.2019 15:59:18] [00006] rename "Track 10024.mp3" ==> "michael jackson - i just can't stop loving you.mp3"
[06.03.2019 15:59:19] [00006] rename "Track 10025.mp3" ==> "mike + the mechanics - silent running.mp3"
[06.03.2019 15:59:20] [00006] rename "Track 10027.mp3" ==> "reo Speedwagon - keep on loving you.mp3"
[06.03.2019 15:59:21] [00006] rename "Track 10028.mp3" ==> "bucks fizz - making your mind up.mp3"
